2024-07-26 16:29:15 - __main__ - INFO - Function: add: args: (1, 2) kwargs: {} result: 3
2024-07-26 16:29:34 - __main__ - ERROR - Function: add: unsupported operand type(s) for +: 'int' and 'str'
Traceback (most recent call last):
  File "/Users/sanjarbek/Developer/NajotTalim/n50-python/month-4/lesson_4/app.py", line 14, in wrapper
    result = func(*args, **kwargs)
             ^^^^^^^^^^^^^^^^^^^^^
  File "/Users/sanjarbek/Developer/NajotTalim/n50-python/month-4/lesson_4/app.py", line 29, in add
    return a + b
           ~~^~~
TypeError: unsupported operand type(s) for +: 'int' and 'str'
2024-07-26 16:29:35 - __main__ - ERROR - Function: add: unsupported operand type(s) for +: 'int' and 'str'
Traceback (most recent call last):
  File "/Users/sanjarbek/Developer/NajotTalim/n50-python/month-4/lesson_4/app.py", line 14, in wrapper
    result = func(*args, **kwargs)
             ^^^^^^^^^^^^^^^^^^^^^
  File "/Users/sanjarbek/Developer/NajotTalim/n50-python/month-4/lesson_4/app.py", line 29, in add
    return a + b
           ~~^~~
TypeError: unsupported operand type(s) for +: 'int' and 'str'
2024-07-26 16:32:56 - __main__ - ERROR - Function: add: unsupported operand type(s) for +: 'int' and 'str'
Traceback (most recent call last):
  File "/Users/sanjarbek/Developer/NajotTalim/n50-python/month-4/lesson_4/app.py", line 23, in wrapper
    result = func(*args, **kwargs)
             ^^^^^^^^^^^^^^^^^^^^^
  File "/Users/sanjarbek/Developer/NajotTalim/n50-python/month-4/lesson_4/app.py", line 39, in add
    return a + b
           ~~^~~
TypeError: unsupported operand type(s) for +: 'int' and 'str'
2024-07-26 16:33:13 - __main__ - ERROR - Function: add: unsupported operand type(s) for +: 'int' and 'str'
Traceback (most recent call last):
  File "/Users/sanjarbek/Developer/NajotTalim/n50-python/month-4/lesson_4/app.py", line 23, in wrapper
    result = func(*args, **kwargs)
             ^^^^^^^^^^^^^^^^^^^^^
  File "/Users/sanjarbek/Developer/NajotTalim/n50-python/month-4/lesson_4/app.py", line 39, in add
    return a + b
           ~~^~~
TypeError: unsupported operand type(s) for +: 'int' and 'str'
2024-07-26 16:33:15 - __main__ - ERROR - Function: add: unsupported operand type(s) for +: 'int' and 'str'
Traceback (most recent call last):
  File "/Users/sanjarbek/Developer/NajotTalim/n50-python/month-4/lesson_4/app.py", line 23, in wrapper
    result = func(*args, **kwargs)
             ^^^^^^^^^^^^^^^^^^^^^
  File "/Users/sanjarbek/Developer/NajotTalim/n50-python/month-4/lesson_4/app.py", line 39, in add
    return a + b
           ~~^~~
TypeError: unsupported operand type(s) for +: 'int' and 'str'
